<?xml version="1.0" ?>
<!DOCTYPE coverage SYSTEM "http://cobertura.sourceforge.net/xml/coverage-04.dtd">
<coverage lines-valid="143" lines-covered="33" line-rate="0.23079999999999998" branches-valid="44" branches-covered="9" branch-rate="0.2045" timestamp="1572269251846" complexity="0" version="0.1">
  <sources>
    <source>C:\Users\Stefan\Documents\School\S4\FUN\buddyfinder</source>
  </sources>
  <packages>
    <class name="App.js" filename="src\App.js" line-rate="0.15" branch-rate="0.05">
      <methods>
        <method name="(anonymous_0)" hits="1" signature="()V">
          <lines>
            <line number="22" hits="1"/>
          </lines>
        </method>
        <method name="(anonymous_1)" hits="0" signature="()V">
          <lines>
            <line number="35" hits="0"/>
          </lines>
        </method>
        <method name="(anonymous_2)" hits="0" signature="()V">
          <lines>
            <line number="61" hits="0"/>
          </lines>
        </method>
        <method name="(anonymous_3)" hits="0" signature="()V">
          <lines>
            <line number="72" hits="0"/>
          </lines>
        </method>
        <method name="(anonymous_4)" hits="0" signature="()V">
          <lines>
            <line number="87" hits="0"/>
          </lines>
        </method>
        <method name="(anonymous_5)" hits="0" signature="()V">
          <lines>
            <line number="108" hits="0"/>
          </lines>
        </method>
        <method name="(anonymous_6)" hits="0" signature="()V">
          <lines>
            <line number="111" hits="0"/>
          </lines>
        </method>
        <method name="(anonymous_7)" hits="0" signature="()V">
          <lines>
            <line number="135" hits="0"/>
          </lines>
        </method>
        <method name="(anonymous_8)" hits="0" signature="()V">
          <lines>
            <line number="138" hits="0"/>
          </lines>
        </method>
        <method name="(anonymous_9)" hits="1" signature="()V">
          <lines>
            <line number="150" hits="1"/>
          </lines>
        </method>
        <method name="(anonymous_10)" hits="0" signature="()V">
          <lines>
            <line number="176" hits="0"/>
          </lines>
        </method>
        <method name="(anonymous_11)" hits="0" signature="()V">
          <lines>
            <line number="181" hits="0"/>
          </lines>
        </method>
      </methods>
      <lines>
        <line number="6" hits="1" branch="false"/>
        <line number="23" hits="1" branch="false"/>
        <line number="24" hits="1" branch="false"/>
        <line number="25" hits="1" branch="false"/>
        <line number="26" hits="1" branch="false"/>
        <line number="27" hits="1" branch="false"/>
        <line number="35" hits="1" branch="false"/>
        <line number="37" hits="0" branch="false"/>
        <line number="62" hits="0" branch="true" condition-coverage="0% (0/2)"/>
        <line number="63" hits="0" branch="false"/>
        <line number="64" hits="0" branch="false"/>
        <line number="67" hits="0" branch="false"/>
        <line number="68" hits="0" branch="false"/>
        <line number="73" hits="0" branch="false"/>
        <line number="74" hits="0" branch="false"/>
        <line number="75" hits="0" branch="false"/>
        <line number="76" hits="0" branch="false"/>
        <line number="77" hits="0" branch="false"/>
        <line number="79" hits="0" branch="true" condition-coverage="0% (0/4)"/>
        <line number="80" hits="0" branch="false"/>
        <line number="83" hits="0" branch="false"/>
        <line number="88" hits="0" branch="false"/>
        <line number="89" hits="0" branch="false"/>
        <line number="90" hits="0" branch="false"/>
        <line number="91" hits="0" branch="false"/>
        <line number="92" hits="0" branch="false"/>
        <line number="93" hits="0" branch="false"/>
        <line number="95" hits="0" branch="true" condition-coverage="0% (0/5)"/>
        <line number="96" hits="0" branch="false"/>
        <line number="99" hits="0" branch="true" condition-coverage="0% (0/2)"/>
        <line number="100" hits="0" branch="false"/>
        <line number="103" hits="0" branch="false"/>
        <line number="110" hits="0" branch="false"/>
        <line number="112" hits="0" branch="false"/>
        <line number="113" hits="0" branch="false"/>
        <line number="115" hits="0" branch="true" condition-coverage="0% (0/2)"/>
        <line number="116" hits="0" branch="false"/>
        <line number="119" hits="0" branch="false"/>
        <line number="120" hits="0" branch="false"/>
        <line number="121" hits="0" branch="false"/>
        <line number="122" hits="0" branch="false"/>
        <line number="123" hits="0" branch="false"/>
        <line number="124" hits="0" branch="false"/>
        <line number="125" hits="0" branch="false"/>
        <line number="126" hits="0" branch="false"/>
        <line number="127" hits="0" branch="false"/>
        <line number="128" hits="0" branch="false"/>
        <line number="129" hits="0" branch="false"/>
        <line number="130" hits="0" branch="false"/>
        <line number="137" hits="0" branch="false"/>
        <line number="139" hits="0" branch="false"/>
        <line number="140" hits="0" branch="false"/>
        <line number="141" hits="0" branch="true" condition-coverage="0% (0/2)"/>
        <line number="142" hits="0" branch="false"/>
        <line number="145" hits="0" branch="false"/>
        <line number="152" hits="1" branch="false"/>
        <line number="153" hits="1" branch="false"/>
        <line number="176" hits="0" branch="false"/>
        <line number="181" hits="0" branch="false"/>
        <line number="208" hits="0" branch="false"/>
      </lines>
    </class>
    <class name="Contact.js" filename="src\Contact.js" line-rate="0" branch-rate="1">
      <methods>
        <method name="(anonymous_0)" hits="0" signature="()V">
          <lines>
            <line number="2" hits="0"/>
          </lines>
        </method>
        <method name="(anonymous_1)" hits="0" signature="()V">
          <lines>
            <line number="5" hits="0"/>
          </lines>
        </method>
      </methods>
      <lines>
        <line number="2" hits="0" branch="false"/>
        <line number="6" hits="0" branch="false"/>
      </lines>
    </class>
    <class name="Home.js" filename="src\Home.js" line-rate="0.4667" branch-rate="0.5333">
      <methods>
        <method name="(anonymous_0)" hits="1" signature="()V">
          <lines>
            <line number="9" hits="1"/>
          </lines>
        </method>
        <method name="(anonymous_1)" hits="1" signature="()V">
          <lines>
            <line number="23" hits="1"/>
          </lines>
        </method>
        <method name="(anonymous_2)" hits="0" signature="()V">
          <lines>
            <line number="43" hits="0"/>
          </lines>
        </method>
        <method name="(anonymous_3)" hits="0" signature="()V">
          <lines>
            <line number="50" hits="0"/>
          </lines>
        </method>
        <method name="(anonymous_4)" hits="0" signature="()V">
          <lines>
            <line number="57" hits="0"/>
          </lines>
        </method>
        <method name="(anonymous_5)" hits="0" signature="()V">
          <lines>
            <line number="64" hits="0"/>
          </lines>
        </method>
        <method name="(anonymous_6)" hits="0" signature="()V">
          <lines>
            <line number="70" hits="0"/>
          </lines>
        </method>
        <method name="(anonymous_7)" hits="0" signature="()V">
          <lines>
            <line number="84" hits="0"/>
          </lines>
        </method>
        <method name="(anonymous_8)" hits="0" signature="()V">
          <lines>
            <line number="86" hits="0"/>
          </lines>
        </method>
        <method name="(anonymous_9)" hits="2" signature="()V">
          <lines>
            <line number="92" hits="2"/>
          </lines>
        </method>
        <method name="(anonymous_10)" hits="0" signature="()V">
          <lines>
            <line number="127" hits="0"/>
          </lines>
        </method>
        <method name="(anonymous_11)" hits="0" signature="()V">
          <lines>
            <line number="144" hits="0"/>
          </lines>
        </method>
      </methods>
      <lines>
        <line number="10" hits="1" branch="false"/>
        <line number="11" hits="1" branch="false"/>
        <line number="12" hits="1" branch="false"/>
        <line number="13" hits="1" branch="false"/>
        <line number="14" hits="1" branch="false"/>
        <line number="15" hits="1" branch="false"/>
        <line number="17" hits="1" branch="false"/>
        <line number="24" hits="1" branch="true" condition-coverage="50% (1/2)"/>
        <line number="27" hits="1" branch="false"/>
        <line number="35" hits="0" branch="false"/>
        <line number="39" hits="0" branch="false"/>
        <line number="43" hits="1" branch="false"/>
        <line number="44" hits="0" branch="false"/>
        <line number="50" hits="1" branch="false"/>
        <line number="51" hits="0" branch="false"/>
        <line number="57" hits="1" branch="false"/>
        <line number="58" hits="0" branch="false"/>
        <line number="66" hits="0" branch="false"/>
        <line number="71" hits="0" branch="false"/>
        <line number="72" hits="0" branch="false"/>
        <line number="74" hits="0" branch="true" condition-coverage="0% (0/2)"/>
        <line number="78" hits="0" branch="false"/>
        <line number="79" hits="0" branch="false"/>
        <line number="84" hits="1" branch="false"/>
        <line number="85" hits="0" branch="true" condition-coverage="0% (0/2)"/>
        <line number="86" hits="0" branch="false"/>
        <line number="87" hits="0" branch="false"/>
        <line number="93" hits="2" branch="false"/>
        <line number="127" hits="0" branch="true" condition-coverage="50% (1/2)"/>
        <line number="145" hits="0" branch="false"/>
      </lines>
    </class>
    <class name="NewProfile.js" filename="src\NewProfile.js" line-rate="0.1364" branch-rate="0">
      <methods>
        <method name="(anonymous_0)" hits="1" signature="()V">
          <lines>
            <line number="8" hits="1"/>
          </lines>
        </method>
        <method name="(anonymous_1)" hits="0" signature="()V">
          <lines>
            <line number="15" hits="0"/>
          </lines>
        </method>
        <method name="(anonymous_2)" hits="0" signature="()V">
          <lines>
            <line number="22" hits="0"/>
          </lines>
        </method>
        <method name="(anonymous_3)" hits="0" signature="()V">
          <lines>
            <line number="51" hits="0"/>
          </lines>
        </method>
        <method name="(anonymous_4)" hits="0" signature="()V">
          <lines>
            <line number="58" hits="0"/>
          </lines>
        </method>
        <method name="(anonymous_5)" hits="1" signature="()V">
          <lines>
            <line number="79" hits="1"/>
          </lines>
        </method>
        <method name="(anonymous_6)" hits="0" signature="()V">
          <lines>
            <line number="125" hits="0"/>
          </lines>
        </method>
      </methods>
      <lines>
        <line number="9" hits="1" branch="false"/>
        <line number="10" hits="1" branch="false"/>
        <line number="11" hits="1" branch="false"/>
        <line number="12" hits="1" branch="false"/>
        <line number="15" hits="1" branch="false"/>
        <line number="16" hits="0" branch="false"/>
        <line number="23" hits="0" branch="false"/>
        <line number="24" hits="0" branch="false"/>
        <line number="25" hits="0" branch="false"/>
        <line number="26" hits="0" branch="false"/>
        <line number="27" hits="0" branch="false"/>
        <line number="28" hits="0" branch="false"/>
        <line number="29" hits="0" branch="false"/>
        <line number="30" hits="0" branch="false"/>
        <line number="31" hits="0" branch="false"/>
        <line number="32" hits="0" branch="false"/>
        <line number="33" hits="0" branch="false"/>
        <line number="34" hits="0" branch="false"/>
        <line number="35" hits="0" branch="false"/>
        <line number="36" hits="0" branch="false"/>
        <line number="37" hits="0" branch="false"/>
        <line number="38" hits="0" branch="false"/>
        <line number="39" hits="0" branch="false"/>
        <line number="40" hits="0" branch="false"/>
        <line number="42" hits="0" branch="true" condition-coverage="0% (0/7)"/>
        <line number="43" hits="0" branch="false"/>
        <line number="47" hits="0" branch="false"/>
        <line number="53" hits="0" branch="false"/>
        <line number="59" hits="0" branch="false"/>
        <line number="60" hits="0" branch="false"/>
        <line number="61" hits="0" branch="true" condition-coverage="0% (0/2)"/>
        <line number="62" hits="0" branch="false"/>
        <line number="63" hits="0" branch="false"/>
        <line number="64" hits="0" branch="false"/>
        <line number="65" hits="0" branch="false"/>
        <line number="66" hits="0" branch="false"/>
        <line number="67" hits="0" branch="false"/>
        <line number="68" hits="0" branch="false"/>
        <line number="69" hits="0" branch="false"/>
        <line number="70" hits="0" branch="false"/>
        <line number="71" hits="0" branch="false"/>
        <line number="74" hits="0" branch="false"/>
        <line number="80" hits="1" branch="false"/>
        <line number="126" hits="0" branch="false"/>
      </lines>
    </class>
    <class name="Profile.js" filename="src\Profile.js" line-rate="0.8" branch-rate="1">
      <methods>
        <method name="(anonymous_0)" hits="1" signature="()V">
          <lines>
            <line number="8" hits="1"/>
          </lines>
        </method>
        <method name="(anonymous_1)" hits="0" signature="()V">
          <lines>
            <line number="14" hits="0"/>
          </lines>
        </method>
        <method name="(anonymous_2)" hits="1" signature="()V">
          <lines>
            <line number="21" hits="1"/>
          </lines>
        </method>
      </methods>
      <lines>
        <line number="9" hits="1" branch="false"/>
        <line number="10" hits="1" branch="false"/>
        <line number="14" hits="1" branch="false"/>
        <line number="15" hits="0" branch="false"/>
        <line number="22" hits="1" branch="false"/>
      </lines>
    </class>
    <class name="index.js" filename="src\index.js" line-rate="0" branch-rate="1">
      <methods>
      </methods>
      <lines>
        <line number="14" hits="0" branch="false"/>
        <line number="25" hits="0" branch="false"/>
      </lines>
    </class>
  </packages>
</coverage>
